<?xml version="1.0" encoding="UTF-8"?>
<!-- Generated by org.testng.reporters.JUnitReportReporter -->
<testsuite hostname="WIN7--20160505Q" name="TestCases.BaiduSearch" tests="1" failures="0" timestamp="7 Jun 2016 09:30:50 GMT" time="10.086" errors="0">
  <testcase name="test" time="10.086" classname="TestCases.BaiduSearch"/>
</testsuite> <!-- TestCases.BaiduSearch -->
