<?xml version="1.0" encoding="UTF-8"?>
<!-- Generated by org.testng.reporters.JUnitReportReporter -->
<testsuite hostname="WIN7--20160505Q" name="TestCases.BaiduSearch" tests="1" failures="0" timestamp="25 May 2016 05:48:11 GMT" time="9.819" errors="0">
  <testcase name="test" time="9.819" classname="TestCases.BaiduSearch"/>
</testsuite> <!-- TestCases.BaiduSearch -->
